[debug] [2025-04-08T20:06:01.016Z] ----------------------------------------------------------------------
[debug] [2025-04-08T20:06:01.018Z] Command:       /usr/local/bin/node /Users/mekdesyared/.bun/bin/firebase init firestore
[debug] [2025-04-08T20:06:01.018Z] CLI Version:   13.27.0
[debug] [2025-04-08T20:06:01.018Z] Platform:      darwin
[debug] [2025-04-08T20:06:01.018Z] Node Version:  v20.10.0
[debug] [2025-04-08T20:06:01.018Z] Time:          Tue Apr 08 2025 23:06:01 GMT+0300 (East Africa Time)
[debug] [2025-04-08T20:06:01.018Z] ----------------------------------------------------------------------
[debug] 
[debug] [2025-04-08T20:06:01.019Z] >>> [apiv2][query] GET https://firebase-public.firebaseio.com/cli.json [none]
[debug] [2025-04-08T20:06:01.042Z] > command requires scopes: ["email","openid","https://www.googleapis.com/auth/cloudplatformprojects.readonly","https://www.googleapis.com/auth/firebase","https://www.googleapis.com/auth/cloud-platform"]
[debug] [2025-04-08T20:06:01.042Z] > authorizing via signed-in user (dev.yosefali@gmail.com)
[info] 
     ######## #### ########  ######## ########     ###     ######  ########
     ##        ##  ##     ## ##       ##     ##  ##   ##  ##       ##
     ######    ##  ########  ######   ########  #########  ######  ######
     ##        ##  ##    ##  ##       ##     ## ##     ##       ## ##
     ##       #### ##     ## ######## ########  ##     ##  ######  ########

You're about to initialize a Firebase project in this directory:

  /Users/mekdesyared/nextjs-firebase-auth-fsce

[info] 
=== Project Setup
[info] 
[info] First, let's associate this project directory with a Firebase project.
[info] You can create multiple project aliases by running firebase use --add, 
[info] but for now we'll just set up a default project.
[info] 
[debug] [2025-04-08T20:06:01.846Z] <<< [apiv2][status] GET https://firebase-public.firebaseio.com/cli.json 200
[debug] [2025-04-08T20:06:01.846Z] <<< [apiv2][body] GET https://firebase-public.firebaseio.com/cli.json {"cloudBuildErrorAfter":1594252800000,"cloudBuildWarnAfter":1590019200000,"defaultNode10After":1594252800000,"minVersion":"3.0.5","node8DeploysDisabledAfter":1613390400000,"node8RuntimeDisabledAfter":1615809600000,"node8WarnAfter":1600128000000}
[debug] [2025-04-08T20:06:23.272Z] Checked if tokens are valid: false, expires at: 1729934711205
[debug] [2025-04-08T20:06:23.274Z] Checked if tokens are valid: false, expires at: 1729934711205
[debug] [2025-04-08T20:06:23.274Z] > refreshing access token with scopes: []
[debug] [2025-04-08T20:06:23.280Z] >>> [apiv2][query] POST https://www.googleapis.com/oauth2/v3/token [none]
[debug] [2025-04-08T20:06:23.280Z] >>> [apiv2][body] POST https://www.googleapis.com/oauth2/v3/token [omitted]
[debug] [2025-04-08T20:06:24.019Z] <<< [apiv2][status] POST https://www.googleapis.com/oauth2/v3/token 200
[debug] [2025-04-08T20:06:24.020Z] <<< [apiv2][body] POST https://www.googleapis.com/oauth2/v3/token [omitted]
[debug] [2025-04-08T20:06:24.038Z] >>> [apiv2][query] GET https://firebase.googleapis.com/v1beta1/projects pageSize=100
[debug] [2025-04-08T20:06:25.067Z] <<< [apiv2][status] GET https://firebase.googleapis.com/v1beta1/projects 200
[debug] [2025-04-08T20:06:25.067Z] <<< [apiv2][body] GET https://firebase.googleapis.com/v1beta1/projects [omitted]
[info] i  Using project fsce-2024 (fsce-2024) 
[info] 
=== Firestore Setup
[debug] [2025-04-08T20:06:29.051Z] Checked if tokens are valid: true, expires at: 1744146383020
[debug] [2025-04-08T20:06:29.051Z] Checked if tokens are valid: true, expires at: 1744146383020
[debug] [2025-04-08T20:06:29.052Z] >>> [apiv2][query] GET https://serviceusage.googleapis.com/v1/projects/fsce-2024/services/firestore.googleapis.com [none]
[debug] [2025-04-08T20:06:29.052Z] >>> [apiv2][(partial)header] GET https://serviceusage.googleapis.com/v1/projects/fsce-2024/services/firestore.googleapis.com x-goog-quota-user=projects/fsce-2024
[debug] [2025-04-08T20:06:31.124Z] <<< [apiv2][status] GET https://serviceusage.googleapis.com/v1/projects/fsce-2024/services/firestore.googleapis.com 200
[debug] [2025-04-08T20:06:31.124Z] <<< [apiv2][body] GET https://serviceusage.googleapis.com/v1/projects/fsce-2024/services/firestore.googleapis.com [omitted]
[debug] [2025-04-08T20:06:31.125Z] Checked if tokens are valid: true, expires at: 1744146383020
[debug] [2025-04-08T20:06:31.125Z] Checked if tokens are valid: true, expires at: 1744146383020
[debug] [2025-04-08T20:06:31.125Z] >>> [apiv2][query] GET https://firestore.googleapis.com/v1/projects/fsce-2024/databases/(default) [none]
[debug] [2025-04-08T20:06:33.475Z] <<< [apiv2][status] GET https://firestore.googleapis.com/v1/projects/fsce-2024/databases/(default) 200
[debug] [2025-04-08T20:06:33.475Z] <<< [apiv2][body] GET https://firestore.googleapis.com/v1/projects/fsce-2024/databases/(default) {"name":"projects/fsce-2024/databases/(default)","uid":"9683d294-838a-46c6-a30e-178586896b61","createTime":"2024-11-17T15:28:58.349933Z","updateTime":"2024-11-17T15:28:58.349933Z","locationId":"nam5","type":"FIRESTORE_NATIVE","concurrencyMode":"PESSIMISTIC","versionRetentionPeriod":"3600s","earliestVersionTime":"2025-04-08T19:06:33.537288Z","appEngineIntegrationMode":"DISABLED","keyPrefix":"s","pointInTimeRecoveryEnablement":"POINT_IN_TIME_RECOVERY_DISABLED","deleteProtectionState":"DELETE_PROTECTION_DISABLED","databaseEdition":"STANDARD","freeTier":true,"etag":"IMnolZ2eyYwDMIyy7MiCqYwD"}
[debug] [2025-04-08T20:06:33.475Z] database_type: FIRESTORE_NATIVE
[debug] [2025-04-08T20:06:33.475Z] database_type: FIRESTORE_NATIVE
[debug] [2025-04-08T20:06:33.476Z] > command requires scopes: ["email","openid","https://www.googleapis.com/auth/cloudplatformprojects.readonly","https://www.googleapis.com/auth/firebase","https://www.googleapis.com/auth/cloud-platform"]
[debug] [2025-04-08T20:06:33.477Z] > authorizing via signed-in user (dev.yosefali@gmail.com)
[debug] [2025-04-08T20:06:33.477Z] [iam] checking project fsce-2024 for permissions ["firebase.projects.get"]
[debug] [2025-04-08T20:06:33.477Z] Checked if tokens are valid: true, expires at: 1744146383020
[debug] [2025-04-08T20:06:33.477Z] Checked if tokens are valid: true, expires at: 1744146383020
[debug] [2025-04-08T20:06:33.478Z] >>> [apiv2][query] POST https://cloudresourcemanager.googleapis.com/v1/projects/fsce-2024:testIamPermissions [none]
[debug] [2025-04-08T20:06:33.478Z] >>> [apiv2][(partial)header] POST https://cloudresourcemanager.googleapis.com/v1/projects/fsce-2024:testIamPermissions x-goog-quota-user=projects/fsce-2024
[debug] [2025-04-08T20:06:33.478Z] >>> [apiv2][body] POST https://cloudresourcemanager.googleapis.com/v1/projects/fsce-2024:testIamPermissions {"permissions":["firebase.projects.get"]}
[debug] [2025-04-08T20:06:36.281Z] <<< [apiv2][status] POST https://cloudresourcemanager.googleapis.com/v1/projects/fsce-2024:testIamPermissions 200
[debug] [2025-04-08T20:06:36.281Z] <<< [apiv2][body] POST https://cloudresourcemanager.googleapis.com/v1/projects/fsce-2024:testIamPermissions {"permissions":["firebase.projects.get"]}
[info] 
[info] Firestore Security Rules allow you to define how and when to allow
[info] requests. You can keep these rules in your project directory
[info] and publish them with firebase deploy.
[info] 
[info] 
[info] Firestore indexes allow you to perform complex queries while
[info] maintaining performance that scales with the size of the result
[info] set. You can keep index definitions in your project directory
[info] and publish them with firebase deploy.
[info] 
